d:\documents\dxrender\learnd3d12\csnd_d3d12_basis\d3dbasislearning01\x64\debug\vc141.pdb
d:\documents\dxrender\learnd3d12\csnd_d3d12_basis\d3dbasislearning01\x64\debug\vc141.idb
d:\documents\dxrender\learnd3d12\csnd_d3d12_basis\d3dbasislearning01\x64\debug\1-d3d12trigger.sbr
d:\documents\dxrender\learnd3d12\csnd_d3d12_basis\d3dbasislearning01\x64\debug\1-d3d12trigger.obj
d:\documents\dxrender\learnd3d12\csnd_d3d12_basis\d3dbasislearning01\x64\debug\shaders.cso
d:\documents\dxrender\learnd3d12\csnd_d3d12_basis\d3dbasislearning01\x64\debug\d3dbasislearning01.exe
d:\documents\dxrender\learnd3d12\csnd_d3d12_basis\d3dbasislearning01\x64\debug\d3dbasislearning01.ilk
d:\documents\dxrender\learnd3d12\csnd_d3d12_basis\d3dbasislearning01\x64\debug\d3dbasislearning01.pdb
d:\documents\dxrender\learnd3d12\csnd_d3d12_basis\d3dbasislearning01\x64\debug\d3dbasislearning01.bsc
d:\documents\dxrender\learnd3d12\csnd_d3d12_basis\d3dbasislearning01\x64\debug\d3dbasis.eee5e2f8.tlog\bscmake.command.1.tlog
d:\documents\dxrender\learnd3d12\csnd_d3d12_basis\d3dbasislearning01\x64\debug\d3dbasis.eee5e2f8.tlog\bscmake.read.1.tlog
d:\documents\dxrender\learnd3d12\csnd_d3d12_basis\d3dbasislearning01\x64\debug\d3dbasis.eee5e2f8.tlog\cl.command.1.tlog
d:\documents\dxrender\learnd3d12\csnd_d3d12_basis\d3dbasislearning01\x64\debug\d3dbasis.eee5e2f8.tlog\cl.read.1.tlog
d:\documents\dxrender\learnd3d12\csnd_d3d12_basis\d3dbasislearning01\x64\debug\d3dbasis.eee5e2f8.tlog\cl.write.1.tlog
d:\documents\dxrender\learnd3d12\csnd_d3d12_basis\d3dbasislearning01\x64\debug\d3dbasis.eee5e2f8.tlog\fxc.command.1.tlog
d:\documents\dxrender\learnd3d12\csnd_d3d12_basis\d3dbasislearning01\x64\debug\d3dbasis.eee5e2f8.tlog\fxc.read.1.tlog
d:\documents\dxrender\learnd3d12\csnd_d3d12_basis\d3dbasislearning01\x64\debug\d3dbasis.eee5e2f8.tlog\fxc.write.1.tlog
d:\documents\dxrender\learnd3d12\csnd_d3d12_basis\d3dbasislearning01\x64\debug\d3dbasis.eee5e2f8.tlog\link.command.1.tlog
d:\documents\dxrender\learnd3d12\csnd_d3d12_basis\d3dbasislearning01\x64\debug\d3dbasis.eee5e2f8.tlog\link.read.1.tlog
d:\documents\dxrender\learnd3d12\csnd_d3d12_basis\d3dbasislearning01\x64\debug\d3dbasis.eee5e2f8.tlog\link.write.1.tlog
